<?xml version="1.0" encoding="UTF-8"?>
<!-- Generated by org.testng.reporters.JUnitXMLReporter -->
<testsuite hostname="LMS" name="Surefire test" tests="5" failures="1" timestamp="13 Jul 2018 10:22:07 GMT" time="169.369" errors="0">
  <testcase name="titleTest" time="0.025" classname="com.pmxd.qa.testcases.EliteLoginPageTest"/>
  <testcase name="logoTest" time="7.535" classname="com.pmxd.qa.testcases.EliteLoginPageTest"/>
  <testcase name="loginTest" time="6.917" classname="com.pmxd.qa.testcases.EliteLoginPageTest"/>
  <testcase name="titleTest" time="0.038" classname="com.pmxd.qa.testcases.EliteMyWebcastPageTest"/>
  <testcase name="validateClientSelectionTest" time="20.391" classname="com.pmxd.qa.testcases.EliteMyWebcastPageTest">
    <failure type="org.openqa.selenium.NoSuchElementException" message="Cannot locate element with text: SelectValue
For documentation on this error, please visit: http://seleniumhq.org/exceptions/no_such_element.html
Build info: version: &amp;apos;3.12.0&amp;apos;, revision: &amp;apos;7c6e0b3&amp;apos;, time: &amp;apos;2018-05-08T14:04:26.12Z&amp;apos;
System info: host: &amp;apos;LMS&amp;apos;, ip: &amp;apos;10.4.16.177&amp;apos;, os.name: &amp;apos;Windows 8.1&amp;apos;, os.arch: &amp;apos;amd64&amp;apos;, os.version: &amp;apos;6.3&amp;apos;, java.version: &amp;apos;1.8.0_131&amp;apos;
Driver info: driver.version: unknown">
      <![CDATA[org.openqa.selenium.NoSuchElementException: Cannot locate element with text: SelectValue
For documentation on this error, please visit: http://seleniumhq.org/exceptions/no_such_element.html
Build info: version: '3.12.0', revision: '7c6e0b3', time: '2018-05-08T14:04:26.12Z'
System info: host: 'LMS', ip: '10.4.16.177', os.name: 'Windows 8.1', os.arch: 'amd64', os.version: '6.3', java.version: '1.8.0_131'
Driver info: driver.version: unknown
	at org.openqa.selenium.support.ui.Select.selectByVisibleText(Select.java:151)
	at com.pmxd.qa.util.TestUtil.ddSelect(TestUtil.java:14)
	at com.pmxd.qa.pages.EliteMyWebcastPage.selectClient(EliteMyWebcastPage.java:27)
	at com.pmxd.qa.testcases.EliteMyWebcastPageTest.validateClientSelectionTest(EliteMyWebcastPageTest.java:45)
	at org.apache.maven.surefire.testng.TestNGExecutor.run(TestNGExecutor.java:135)
	at org.apache.maven.surefire.testng.TestNGDirectoryTestSuite.executeMulti(TestNGDirectoryTestSuite.java:193)
	at org.apache.maven.surefire.testng.TestNGDirectoryTestSuite.execute(TestNGDirectoryTestSuite.java:94)
	at org.apache.maven.surefire.testng.TestNGProvider.invoke(TestNGProvider.java:146)
	at org.apache.maven.surefire.booter.ForkedBooter.invokeProviderInSameClassLoader(ForkedBooter.java:379)
	at org.apache.maven.surefire.booter.ForkedBooter.runSuitesInProcess(ForkedBooter.java:340)
	at org.apache.maven.surefire.booter.ForkedBooter.execute(ForkedBooter.java:125)
	at org.apache.maven.surefire.booter.ForkedBooter.main(ForkedBooter.java:413)
... Removed 21 stack frames]]>
    </failure>
  </testcase> <!-- validateClientSelectionTest -->
</testsuite> <!-- Surefire test -->
